<?xml version="1.0" encoding="UTF-8"?>
<testng-results ignored="0" total="5" passed="5" failed="0" skipped="0">
  <reporter-output>
  </reporter-output>
  <suite started-at="2021-10-11T20:31:32 IST" name="Default suite" finished-at="2021-10-11T20:33:37 IST" duration-ms="125155">
    <groups>
      <group name="cucumber">
        <method signature="AbstractTestNGCucumberTests.runScenario(io.cucumber.testng.PickleWrapper,io.cucumber.testng.FeatureWrapper)[pri:0, instance:Runner.LoginRunner@12aba8be]" name="runScenario" class="io.cucumber.testng.AbstractTestNGCucumberTests"/>
      </group> <!-- cucumber -->
    </groups>
    <test started-at="2021-10-11T20:31:32 IST" name="Default test" finished-at="2021-10-11T20:33:37 IST" duration-ms="125155">
      <class name="Runner.LoginRunner">
        <test-method is-config="true" signature="setUpClass()[pri:0, instance:Runner.LoginRunner@12aba8be]" started-at="2021-10-11T20:31:32 IST" name="setUpClass" finished-at="2021-10-11T20:31:33 IST" duration-ms="442" status="PASS">
          <reporter-output>
          </reporter-output>
        </test-method> <!-- setUpClass -->
        <test-method signature="runScenario(io.cucumber.testng.PickleWrapper,io.cucumber.testng.FeatureWrapper)[pri:0, instance:Runner.LoginRunner@12aba8be]" started-at="2021-10-11T20:31:33 IST" name="runScenario" description="Runs Cucumber Scenarios" data-provider="scenarios" finished-at="2021-10-11T20:31:53 IST" duration-ms="20262" status="PASS">
          <params>
            <param index="0">
              <value>
                <![CDATA["Test Popularity button is working"]]>
              </value>
            </param>
            <param index="1">
              <value>
                <![CDATA["Optional[BigBasket Deals]"]]>
              </value>
            </param>
          </params>
          <reporter-output>
          </reporter-output>
        </test-method> <!-- runScenario -->
        <test-method signature="runScenario(io.cucumber.testng.PickleWrapper,io.cucumber.testng.FeatureWrapper)[pri:0, instance:Runner.LoginRunner@12aba8be]" started-at="2021-10-11T20:31:53 IST" name="runScenario" description="Runs Cucumber Scenarios" data-provider="scenarios" finished-at="2021-10-11T20:32:12 IST" duration-ms="18967" status="PASS">
          <params>
            <param index="0">
              <value>
                <![CDATA["Test Price(low-high) button is working"]]>
              </value>
            </param>
            <param index="1">
              <value>
                <![CDATA["Optional[BigBasket Deals]"]]>
              </value>
            </param>
          </params>
          <reporter-output>
          </reporter-output>
        </test-method> <!-- runScenario -->
        <test-method signature="runScenario(io.cucumber.testng.PickleWrapper,io.cucumber.testng.FeatureWrapper)[pri:0, instance:Runner.LoginRunner@12aba8be]" started-at="2021-10-11T20:32:12 IST" name="runScenario" description="Runs Cucumber Scenarios" data-provider="scenarios" finished-at="2021-10-11T20:32:29 IST" duration-ms="17060" status="PASS">
          <params>
            <param index="0">
              <value>
                <![CDATA["Test Alphabetically button is working"]]>
              </value>
            </param>
            <param index="1">
              <value>
                <![CDATA["Optional[BigBasket Deals]"]]>
              </value>
            </param>
          </params>
          <reporter-output>
          </reporter-output>
        </test-method> <!-- runScenario -->
        <test-method signature="runScenario(io.cucumber.testng.PickleWrapper,io.cucumber.testng.FeatureWrapper)[pri:0, instance:Runner.LoginRunner@12aba8be]" started-at="2021-10-11T20:32:29 IST" name="runScenario" description="Runs Cucumber Scenarios" data-provider="scenarios" finished-at="2021-10-11T20:32:37 IST" duration-ms="8245" status="PASS">
          <params>
            <param index="0">
              <value>
                <![CDATA["To validate the title of Bigbasket"]]>
              </value>
            </param>
            <param index="1">
              <value>
                <![CDATA["Optional[BigBasket URL]"]]>
              </value>
            </param>
          </params>
          <reporter-output>
          </reporter-output>
        </test-method> <!-- runScenario -->
        <test-method signature="runScenario(io.cucumber.testng.PickleWrapper,io.cucumber.testng.FeatureWrapper)[pri:0, instance:Runner.LoginRunner@12aba8be]" started-at="2021-10-11T20:32:37 IST" name="runScenario" description="Runs Cucumber Scenarios" data-provider="scenarios" finished-at="2021-10-11T20:33:37 IST" duration-ms="59951" status="PASS">
          <params>
            <param index="0">
              <value>
                <![CDATA["To check whether items in offer page is added to cart and quantity is change"]]>
              </value>
            </param>
            <param index="1">
              <value>
                <![CDATA["Optional[BigBasket Offers]"]]>
              </value>
            </param>
          </params>
          <reporter-output>
          </reporter-output>
        </test-method> <!-- runScenario -->
        <test-method is-config="true" signature="tearDownClass()[pri:0, instance:Runner.LoginRunner@12aba8be]" started-at="2021-10-11T20:33:37 IST" name="tearDownClass" finished-at="2021-10-11T20:33:37 IST" duration-ms="180" status="PASS">
          <reporter-output>
          </reporter-output>
        </test-method> <!-- tearDownClass -->
      </class> <!-- Runner.LoginRunner -->
    </test> <!-- Default test -->
  </suite> <!-- Default suite -->
</testng-results>
