<?xml version="1.0" encoding="UTF-8"?>
<testng-results ignored="0" total="5" passed="5" failed="0" skipped="0">
  <reporter-output>
  </reporter-output>
  <suite started-at="2021-10-13T11:53:55 IST" name="Suite" finished-at="2021-10-13T11:55:23 IST" duration-ms="87465">
    <groups>
      <group name="cucumber">
        <method signature="AbstractTestNGCucumberTests.runScenario(io.cucumber.testng.PickleWrapper,io.cucumber.testng.FeatureWrapper)[pri:0, instance:Runner.AllRunner@12aba8be]" name="runScenario" class="io.cucumber.testng.AbstractTestNGCucumberTests"/>
      </group> <!-- cucumber -->
    </groups>
    <test started-at="2021-10-13T11:53:55 IST" name="Test" finished-at="2021-10-13T11:55:23 IST" duration-ms="87465">
      <class name="Runner.AllRunner">
        <test-method is-config="true" signature="setUpClass()[pri:0, instance:Runner.AllRunner@12aba8be]" started-at="2021-10-13T11:53:55 IST" name="setUpClass" finished-at="2021-10-13T11:53:55 IST" duration-ms="352" status="PASS">
          <reporter-output>
          </reporter-output>
        </test-method> <!-- setUpClass -->
        <test-method signature="runScenario(io.cucumber.testng.PickleWrapper,io.cucumber.testng.FeatureWrapper)[pri:0, instance:Runner.AllRunner@12aba8be]" started-at="2021-10-13T11:53:55 IST" name="runScenario" description="Runs Cucumber Scenarios" data-provider="scenarios" finished-at="2021-10-13T11:54:13 IST" duration-ms="17330" status="PASS">
          <params>
            <param index="0">
              <value>
                <![CDATA["Test Popularity button is working"]]>
              </value>
            </param>
            <param index="1">
              <value>
                <![CDATA["Optional[BigBasket Deals]"]]>
              </value>
            </param>
          </params>
          <reporter-output>
          </reporter-output>
        </test-method> <!-- runScenario -->
        <test-method signature="runScenario(io.cucumber.testng.PickleWrapper,io.cucumber.testng.FeatureWrapper)[pri:0, instance:Runner.AllRunner@12aba8be]" started-at="2021-10-13T11:54:13 IST" name="runScenario" description="Runs Cucumber Scenarios" data-provider="scenarios" finished-at="2021-10-13T11:54:32 IST" duration-ms="19015" status="PASS">
          <params>
            <param index="0">
              <value>
                <![CDATA["Test Price(low-high) button is working"]]>
              </value>
            </param>
            <param index="1">
              <value>
                <![CDATA["Optional[BigBasket Deals]"]]>
              </value>
            </param>
          </params>
          <reporter-output>
          </reporter-output>
        </test-method> <!-- runScenario -->
        <test-method signature="runScenario(io.cucumber.testng.PickleWrapper,io.cucumber.testng.FeatureWrapper)[pri:0, instance:Runner.AllRunner@12aba8be]" started-at="2021-10-13T11:54:32 IST" name="runScenario" description="Runs Cucumber Scenarios" data-provider="scenarios" finished-at="2021-10-13T11:54:50 IST" duration-ms="18479" status="PASS">
          <params>
            <param index="0">
              <value>
                <![CDATA["Test Alphabetically button is working"]]>
              </value>
            </param>
            <param index="1">
              <value>
                <![CDATA["Optional[BigBasket Deals]"]]>
              </value>
            </param>
          </params>
          <reporter-output>
          </reporter-output>
        </test-method> <!-- runScenario -->
        <test-method signature="runScenario(io.cucumber.testng.PickleWrapper,io.cucumber.testng.FeatureWrapper)[pri:0, instance:Runner.AllRunner@12aba8be]" started-at="2021-10-13T11:54:50 IST" name="runScenario" description="Runs Cucumber Scenarios" data-provider="scenarios" finished-at="2021-10-13T11:54:58 IST" duration-ms="7651" status="PASS">
          <params>
            <param index="0">
              <value>
                <![CDATA["To validate the title of Bigbasket"]]>
              </value>
            </param>
            <param index="1">
              <value>
                <![CDATA["Optional[BigBasket URL]"]]>
              </value>
            </param>
          </params>
          <reporter-output>
          </reporter-output>
        </test-method> <!-- runScenario -->
        <test-method signature="runScenario(io.cucumber.testng.PickleWrapper,io.cucumber.testng.FeatureWrapper)[pri:0, instance:Runner.AllRunner@12aba8be]" started-at="2021-10-13T11:54:58 IST" name="runScenario" description="Runs Cucumber Scenarios" data-provider="scenarios" finished-at="2021-10-13T11:55:22 IST" duration-ms="24450" status="PASS">
          <params>
            <param index="0">
              <value>
                <![CDATA["To check whether items in offer page is added to cart and quantity is change"]]>
              </value>
            </param>
            <param index="1">
              <value>
                <![CDATA["Optional[BigBasket Offers]"]]>
              </value>
            </param>
          </params>
          <reporter-output>
          </reporter-output>
        </test-method> <!-- runScenario -->
        <test-method is-config="true" signature="tearDownClass()[pri:0, instance:Runner.AllRunner@12aba8be]" started-at="2021-10-13T11:55:22 IST" name="tearDownClass" finished-at="2021-10-13T11:55:23 IST" duration-ms="148" status="PASS">
          <reporter-output>
          </reporter-output>
        </test-method> <!-- tearDownClass -->
      </class> <!-- Runner.AllRunner -->
    </test> <!-- Test -->
  </suite> <!-- Suite -->
</testng-results>
